SF:lib/settings/settings_repository.dart
DA:8,0
DA:9,0
DA:12,0
DA:13,0
DA:14,0
DA:17,0
DA:18,0
DA:21,0
DA:22,0
DA:25,0
DA:26,0
DA:30,0
DA:31,0
DA:32,0
DA:33,0
DA:36,0
DA:37,0
DA:40,0
DA:41,0
DA:44,0
DA:45,0
DA:48,0
DA:49,0
DA:52,0
DA:53,0
LF:25
LH:0
end_of_record
SF:lib/settings/settings_bloc/settings_state.dart
DA:13,1
DA:22,1
DA:23,1
DA:24,1
DA:25,1
DA:26,1
DA:27,1
DA:28,1
DA:29,1
DA:32,1
DA:40,1
DA:41,1
DA:42,1
DA:43,1
DA:44,1
DA:45,1
DA:46,1
LF:17
LH:17
end_of_record
SF:lib/settings/settings_bloc/settings_event.dart
DA:8,1
DA:14,1
DA:20,1
DA:26,1
DA:32,1
DA:38,1
LF:6
LH:6
end_of_record
SF:lib/settings/settings_bloc/settings_bloc.dart
DA:16,1
DA:17,2
DA:18,1
DA:30,1
DA:31,1
DA:33,2
DA:34,2
DA:35,2
DA:36,2
DA:37,3
DA:45,3
DA:53,0
DA:57,1
DA:58,1
DA:60,1
DA:62,2
DA:64,3
DA:66,3
DA:70,2
DA:72,1
DA:74,2
DA:76,3
DA:78,3
DA:82,1
DA:83,1
DA:85,1
DA:87,2
DA:89,3
DA:91,3
DA:95,1
DA:96,1
DA:98,1
DA:100,2
DA:102,3
DA:104,3
DA:108,2
DA:110,1
DA:112,2
DA:114,3
DA:116,0
LF:40
LH:38
end_of_record
