SF:lib/settings/settings_repository.dart
DA:8,1
DA:9,2
DA:12,1
DA:13,2
DA:14,1
DA:17,1
DA:18,2
DA:21,1
DA:22,2
DA:25,1
DA:26,2
DA:30,1
DA:31,1
DA:32,1
DA:33,2
DA:36,1
DA:37,2
DA:40,1
DA:41,3
DA:44,1
DA:45,2
DA:48,1
DA:49,2
DA:52,1
DA:53,2
LF:25
LH:25
end_of_record
SF:lib/settings/settings_bloc/settings_state.dart
DA:13,6
DA:22,2
DA:23,2
DA:24,2
DA:25,2
DA:26,2
DA:27,2
DA:28,2
DA:29,2
DA:32,1
DA:40,1
DA:41,1
DA:42,1
DA:43,1
DA:44,1
DA:45,1
DA:46,1
LF:17
LH:17
end_of_record
SF:lib/settings/settings_bloc/settings_event.dart
DA:8,1
DA:14,1
DA:20,1
DA:26,1
DA:32,1
DA:38,1
LF:6
LH:6
end_of_record
SF:lib/settings/settings_bloc/settings_bloc.dart
DA:16,1
DA:17,2
DA:18,1
DA:30,1
DA:31,1
DA:33,2
DA:34,2
DA:35,2
DA:36,2
DA:37,3
DA:45,3
DA:53,0
DA:57,1
DA:58,1
DA:60,1
DA:62,2
DA:64,3
DA:66,3
DA:70,2
DA:72,1
DA:74,2
DA:76,3
DA:78,3
DA:82,1
DA:83,1
DA:85,1
DA:87,2
DA:89,3
DA:91,3
DA:95,1
DA:96,1
DA:98,1
DA:100,2
DA:102,3
DA:104,3
DA:108,2
DA:110,1
DA:112,2
DA:114,3
DA:116,3
LF:40
LH:39
end_of_record
SF:lib/helpers/convert.dart
DA:7,5
DA:8,5
DA:9,5
DA:10,10
DA:11,5
DA:12,10
DA:13,5
DA:14,10
DA:16,5
DA:17,5
DA:18,4
DA:20,5
DA:21,16
DA:23,9
DA:24,16
DA:26,5
DA:27,1
DA:28,4
DA:30,4
DA:33,5
LF:20
LH:20
end_of_record
SF:lib/data/activity_repository.dart
DA:12,0
DA:16,1
DA:18,4
DA:19,4
DA:22,1
DA:24,3
DA:30,1
DA:32,3
DA:38,1
DA:40,3
DA:46,1
DA:48,3
DA:54,1
DA:56,2
DA:62,1
DA:64,2
DA:70,0
DA:71,0
DA:72,0
DA:73,0
DA:74,0
DA:75,0
DA:76,0
DA:77,0
DA:79,0
DA:80,0
DA:83,1
DA:84,2
DA:87,1
DA:88,2
DA:91,1
DA:92,2
DA:93,1
DA:94,2
DA:97,1
DA:98,2
DA:101,1
DA:102,2
DA:105,1
DA:106,2
DA:107,2
DA:108,2
DA:111,1
DA:112,2
DA:115,1
DA:116,2
DA:117,2
DA:118,2
DA:121,1
DA:122,2
DA:123,2
DA:124,2
DA:127,1
DA:128,2
DA:131,1
DA:132,2
DA:135,1
DA:136,1
DA:137,3
DA:138,1
DA:143,1
DA:144,1
DA:145,3
DA:146,1
LF:64
LH:53
end_of_record
SF:lib/data/statistics_bloc/statistics_event.dart
DA:8,1
DA:14,1
LF:2
LH:2
end_of_record
SF:lib/data/statistics_bloc/statistics_bloc.dart
DA:13,1
DA:14,2
DA:15,1
DA:16,1
DA:20,2
DA:22,2
DA:23,2
DA:24,2
DA:27,2
DA:31,1
DA:32,1
DA:34,1
DA:35,1
DA:36,1
DA:37,3
DA:38,2
DA:40,1
DA:43,2
DA:47,1
DA:48,1
DA:50,1
DA:51,1
DA:52,1
DA:53,3
DA:54,2
DA:55,1
DA:59,2
LF:27
LH:27
end_of_record
SF:lib/data/statistics_bloc/statistics_state.dart
DA:11,3
LF:1
LH:1
end_of_record
SF:lib/data/activity.g.dart
DA:13,0
DA:15,0
DA:16,0
DA:17,0
DA:19,0
DA:20,0
DA:21,0
DA:22,0
DA:23,0
DA:24,0
DA:25,0
DA:26,0
DA:29,1
DA:32,1
DA:33,1
DA:34,2
DA:35,1
DA:36,2
DA:37,1
DA:38,2
DA:39,1
DA:40,2
DA:41,1
DA:42,2
DA:43,1
DA:44,2
DA:45,1
DA:46,2
DA:49,0
DA:50,0
DA:52,0
DA:55,0
DA:56,0
DA:57,0
DA:64,0
DA:66,0
DA:67,0
DA:68,0
DA:70,0
DA:71,0
DA:72,0
DA:73,0
DA:76,1
DA:79,1
DA:80,1
DA:81,2
DA:82,1
DA:83,2
DA:84,1
DA:85,2
DA:88,0
DA:89,0
DA:91,0
DA:94,0
DA:95,0
DA:96,0
DA:103,0
DA:105,0
DA:106,0
DA:108,0
DA:115,0
DA:118,0
DA:119,0
DA:121,0
DA:122,0
DA:127,0
DA:128,0
DA:130,0
DA:133,0
DA:134,0
DA:135,0
LF:71
LH:24
end_of_record
SF:lib/data/activity.dart
DA:26,6
DA:33,4
DA:35,5
DA:36,10
DA:39,1
DA:40,2
DA:43,6
DA:44,6
DA:45,6
DA:46,11
DA:47,10
DA:52,8
DA:64,0
DA:65,0
DA:67,5
DA:68,5
DA:70,5
DA:71,5
DA:79,1
DA:81,2
DA:83,0
DA:85,0
LF:22
LH:18
end_of_record
SF:lib/data/activity_bloc/activity_event.dart
DA:8,1
DA:14,1
DA:20,1
DA:27,1
DA:33,1
DA:39,1
DA:45,1
DA:53,1
DA:59,1
DA:65,1
DA:72,1
DA:79,1
DA:86,1
DA:92,1
DA:96,1
DA:102,1
DA:108,1
LF:17
LH:17
end_of_record
SF:lib/data/activity_bloc/activities_state.dart
DA:8,3
DA:20,3
LF:2
LH:2
end_of_record
SF:lib/data/activity_bloc/activity_bloc.dart
DA:31,1
DA:32,2
DA:33,1
DA:34,1
DA:35,1
DA:42,1
DA:43,1
DA:45,3
DA:46,2
DA:47,4
DA:49,2
DA:53,2
DA:55,3
DA:56,2
DA:57,4
DA:59,2
DA:63,1
DA:64,1
DA:66,4
DA:67,2
DA:68,4
DA:70,2
DA:74,2
DA:76,3
DA:77,2
DA:78,1
DA:79,1
DA:81,1
DA:82,2
DA:83,4
DA:85,2
DA:89,1
DA:90,1
DA:92,3
DA:93,1
DA:94,2
DA:95,5
DA:97,0
DA:101,1
DA:102,1
DA:104,4
DA:105,0
DA:106,2
DA:107,5
DA:109,0
DA:113,2
DA:115,2
DA:116,2
DA:117,5
DA:119,0
DA:123,1
DA:124,1
DA:126,1
DA:127,1
DA:128,2
DA:129,2
DA:130,1
DA:131,1
DA:133,1
DA:134,1
DA:135,2
DA:136,2
DA:138,0
DA:142,1
DA:143,1
DA:145,2
DA:146,2
DA:147,2
DA:149,0
DA:150,0
DA:151,0
DA:152,0
DA:155,1
DA:156,5
DA:157,1
DA:159,0
DA:163,1
DA:164,1
DA:166,2
DA:167,3
DA:168,1
DA:169,2
DA:170,5
DA:172,0
DA:176,1
DA:177,1
DA:179,2
DA:180,2
DA:181,5
DA:183,0
DA:187,1
DA:188,1
DA:190,4
DA:192,2
DA:193,4
DA:195,2
DA:199,2
DA:201,2
DA:202,3
DA:203,2
DA:205,3
DA:206,3
DA:207,2
DA:208,3
DA:210,2
DA:212,2
DA:213,5
DA:215,0
DA:219,1
DA:220,1
DA:222,4
DA:224,2
DA:225,5
DA:227,2
DA:231,1
DA:232,1
DA:234,4
DA:236,2
DA:237,5
DA:239,0
DA:243,1
DA:244,1
DA:247,3
DA:249,2
DA:250,5
DA:252,0
DA:256,1
DA:257,1
DA:259,3
DA:261,2
DA:262,5
DA:264,2
DA:268,1
DA:269,1
DA:271,3
DA:273,2
DA:274,5
DA:276,2
LF:138
LH:123
end_of_record
SF:lib/widgets/activity_card.dart
DA:16,2
DA:21,2
DA:23,2
DA:25,2
DA:26,2
DA:27,2
DA:28,10
DA:29,10
DA:30,10
DA:34,2
DA:36,6
DA:38,6
DA:42,2
DA:43,4
DA:44,4
DA:45,2
DA:46,2
DA:47,4
DA:48,8
DA:49,6
DA:50,6
DA:52,4
DA:53,1
DA:54,1
DA:55,2
DA:56,3
DA:58,2
DA:59,2
DA:61,2
DA:62,2
DA:64,0
DA:65,0
DA:68,2
DA:69,2
DA:70,2
DA:71,0
DA:72,0
DA:76,2
DA:77,2
DA:78,0
DA:79,0
DA:83,2
DA:84,0
DA:85,0
DA:94,6
DA:95,1
DA:96,4
DA:103,0
DA:104,0
DA:105,0
DA:107,0
DA:109,0
DA:110,0
DA:111,0
DA:114,0
DA:115,0
DA:116,0
DA:117,0
DA:120,0
DA:121,0
DA:122,0
DA:125,0
DA:126,0
DA:128,0
DA:129,0
DA:130,0
DA:131,0
DA:132,0
DA:133,0
DA:134,0
DA:135,0
DA:137,0
DA:138,0
DA:139,0
DA:140,0
DA:141,0
DA:142,0
DA:144,0
DA:151,0
DA:152,0
DA:154,0
DA:155,0
DA:156,0
DA:157,0
DA:158,0
DA:159,0
DA:160,0
DA:161,0
DA:163,0
DA:164,0
DA:165,0
DA:166,0
DA:167,0
DA:168,0
DA:169,0
DA:170,0
DA:171,0
DA:173,0
DA:179,1
DA:180,3
DA:181,0
DA:182,1
DA:183,1
DA:184,1
DA:185,1
DA:186,6
DA:188,1
DA:191,1
DA:192,2
DA:193,1
DA:194,1
DA:195,0
DA:196,0
DA:197,0
DA:198,0
DA:199,0
DA:200,0
DA:204,3
DA:212,2
DA:215,1
DA:216,4
DA:222,1
DA:223,4
DA:228,0
DA:229,0
DA:230,0
DA:237,8
DA:238,8
DA:240,6
DA:241,2
DA:242,1
DA:243,1
DA:244,1
DA:245,4
DA:246,3
DA:247,4
DA:248,2
DA:249,1
DA:252,1
DA:253,5
DA:254,1
DA:255,1
DA:256,1
DA:257,3
DA:258,3
DA:259,2
DA:261,1
DA:262,3
DA:265,2
DA:267,0
DA:268,0
DA:269,0
DA:270,0
DA:271,0
DA:272,0
DA:273,0
DA:276,2
DA:277,0
DA:282,0
DA:283,0
DA:284,0
DA:288,1
DA:290,1
DA:291,5
LF:164
LH:84
end_of_record
SF:lib/screens/add_activity_screen.dart
DA:16,0
DA:17,3
DA:18,3
DA:21,2
DA:22,1
DA:23,2
DA:24,2
DA:27,1
DA:28,1
DA:36,1
DA:38,1
DA:39,1
DA:40,1
DA:41,1
DA:42,1
DA:43,1
DA:47,2
DA:53,1
DA:55,3
DA:56,3
DA:59,3
DA:61,2
DA:62,3
DA:65,3
DA:67,1
DA:69,2
DA:71,1
DA:72,5
DA:73,2
DA:74,1
DA:75,1
DA:76,3
DA:77,3
DA:78,1
DA:79,1
DA:81,1
DA:82,3
DA:83,3
DA:84,1
DA:85,3
DA:88,1
DA:91,0
DA:95,0
DA:96,0
DA:97,0
DA:98,0
DA:99,0
DA:102,0
DA:103,0
DA:104,0
DA:107,0
DA:108,0
DA:109,0
DA:111,0
DA:112,0
DA:113,0
DA:120,0
DA:122,0
DA:123,0
DA:129,0
DA:131,0
DA:140,1
DA:141,1
DA:142,1
DA:143,1
DA:144,1
DA:145,1
DA:146,3
DA:147,1
DA:148,1
DA:149,0
DA:152,3
DA:153,1
DA:154,1
DA:155,0
DA:158,3
DA:159,3
DA:160,0
DA:161,3
DA:162,1
DA:164,1
DA:165,3
DA:166,1
DA:168,0
DA:172,0
DA:173,0
DA:175,2
DA:176,1
DA:182,2
DA:183,1
DA:184,0
DA:188,1
DA:189,1
DA:190,2
DA:191,2
DA:199,0
DA:204,1
DA:206,4
DA:208,1
DA:209,1
DA:210,1
DA:211,3
DA:212,1
DA:214,1
DA:215,1
DA:216,1
DA:218,1
DA:219,2
DA:220,1
DA:221,1
DA:222,1
DA:223,1
DA:225,2
DA:226,5
DA:227,4
DA:228,1
DA:230,0
DA:231,0
DA:232,0
DA:239,1
DA:240,5
DA:241,1
DA:242,1
DA:243,0
DA:244,0
DA:245,0
DA:247,3
DA:252,1
DA:253,4
DA:254,4
DA:256,2
DA:257,3
DA:258,1
DA:259,1
DA:262,1
DA:263,1
DA:264,1
DA:265,1
DA:266,1
DA:269,1
DA:270,1
DA:273,0
DA:274,0
DA:280,1
DA:281,1
DA:282,1
DA:283,1
DA:284,3
DA:285,1
DA:288,1
DA:289,1
DA:290,1
DA:291,1
DA:292,1
DA:294,3
DA:295,0
DA:296,0
DA:297,0
DA:300,1
DA:301,1
DA:302,0
DA:303,0
DA:306,0
DA:309,0
DA:310,0
DA:311,0
DA:312,0
DA:316,1
DA:324,0
DA:325,0
DA:326,0
DA:327,0
DA:328,0
DA:329,0
DA:331,0
DA:332,0
DA:333,0
DA:334,0
DA:337,0
DA:338,0
DA:339,0
DA:340,0
DA:342,0
DA:345,0
DA:346,0
DA:347,0
DA:348,0
DA:349,0
DA:352,0
DA:355,0
DA:356,0
DA:357,0
DA:358,0
DA:362,0
DA:363,0
DA:364,0
LF:196
LH:121
end_of_record
SF:lib/widgets/duration_bottom_sheet.dart
DA:10,0
DA:12,0
DA:13,0
DA:22,0
DA:24,0
DA:25,0
DA:26,0
DA:27,0
DA:30,0
DA:32,0
DA:33,0
DA:34,0
DA:35,0
DA:37,0
DA:38,0
DA:40,0
DA:41,0
DA:42,0
DA:43,0
DA:45,0
DA:47,0
DA:48,0
DA:50,0
DA:51,0
DA:52,0
DA:53,0
DA:58,0
DA:59,0
DA:61,0
DA:62,0
DA:63,0
DA:64,0
DA:69,0
DA:70,0
DA:72,0
DA:73,0
DA:74,0
DA:75,0
DA:80,0
DA:84,0
DA:86,0
DA:87,0
DA:88,0
DA:89,0
DA:90,0
DA:91,0
DA:92,0
DA:95,0
DA:96,0
DA:98,0
DA:101,0
DA:102,0
DA:103,0
DA:104,0
DA:106,0
LF:55
LH:0
end_of_record
SF:lib/settings/themes.dart
DA:4,0
DA:5,0
DA:6,0
DA:7,0
DA:8,0
DA:9,0
DA:11,0
DA:12,0
DA:14,0
DA:20,0
DA:21,0
DA:22,0
DA:23,0
DA:24,0
DA:25,0
DA:27,0
DA:28,0
DA:30,0
DA:36,0
DA:43,12
DA:44,12
DA:47,12
LF:22
LH:3
end_of_record
SF:lib/widgets/spacer_box.dart
DA:4,13
DA:6,2
LF:2
LH:2
end_of_record
SF:lib/screens/main_activities_view.dart
DA:17,1
DA:18,1
DA:20,1
DA:22,1
DA:23,1
DA:24,1
DA:25,1
DA:26,1
DA:27,1
DA:28,1
DA:29,1
DA:30,1
DA:31,3
DA:32,1
DA:33,1
DA:34,0
DA:35,0
DA:38,1
DA:39,0
DA:40,0
DA:46,2
DA:47,2
DA:48,1
DA:49,1
DA:50,2
DA:51,1
DA:54,1
DA:55,1
DA:56,1
DA:57,1
DA:58,1
DA:60,2
DA:61,1
DA:63,1
DA:64,1
DA:65,1
DA:70,0
DA:74,1
DA:75,2
DA:79,1
DA:80,3
DA:81,1
DA:82,1
DA:83,1
DA:84,1
DA:86,1
DA:87,3
DA:88,1
DA:89,1
DA:92,2
DA:94,1
DA:96,1
DA:97,1
DA:98,1
DA:104,0
DA:108,1
DA:112,1
DA:114,0
DA:115,0
DA:120,3
DA:121,1
DA:130,0
DA:131,0
DA:132,0
DA:135,0
DA:136,0
DA:138,0
DA:140,0
DA:141,0
DA:142,0
DA:146,0
DA:147,0
DA:149,0
DA:151,0
DA:152,0
DA:153,0
DA:154,0
DA:155,0
LF:78
LH:53
end_of_record
SF:lib/screens/settings_screen.dart
DA:10,2
DA:12,1
DA:14,1
DA:15,1
DA:16,1
DA:18,1
DA:19,1
DA:20,3
DA:22,1
DA:23,1
DA:25,3
DA:26,1
DA:27,1
DA:29,1
DA:30,1
DA:31,2
DA:33,1
DA:34,1
DA:35,3
DA:37,1
DA:38,2
DA:39,1
DA:40,1
DA:41,1
DA:42,1
DA:43,3
DA:46,1
DA:47,0
DA:48,0
DA:49,0
DA:53,1
DA:54,2
DA:56,1
DA:57,1
DA:58,1
DA:60,2
DA:61,2
DA:62,1
DA:64,1
DA:66,3
DA:69,1
DA:70,0
DA:71,0
DA:72,0
DA:76,1
DA:78,1
DA:79,1
DA:80,1
DA:82,0
DA:83,0
DA:84,0
DA:86,1
DA:90,1
DA:91,2
DA:93,1
DA:94,1
DA:95,1
DA:97,3
DA:98,1
DA:100,1
DA:101,1
DA:102,3
DA:105,1
DA:106,0
DA:107,0
DA:108,0
DA:112,3
DA:113,1
DA:114,1
DA:115,1
DA:116,0
DA:117,0
DA:118,0
LF:73
LH:58
end_of_record
SF:lib/screens/statistics_screen.dart
DA:15,1
DA:16,1
DA:18,1
DA:20,1
DA:21,1
DA:22,1
DA:23,1
DA:24,1
DA:25,1
DA:26,1
DA:27,3
DA:29,2
DA:30,2
DA:31,1
DA:32,1
DA:33,2
DA:34,1
DA:37,1
DA:38,1
DA:40,3
DA:41,1
DA:42,1
DA:43,1
DA:44,1
DA:46,1
DA:47,1
DA:49,1
DA:50,1
DA:52,2
DA:53,1
DA:56,1
DA:57,1
DA:58,1
DA:59,1
DA:60,1
DA:61,2
DA:62,0
DA:63,0
DA:65,0
DA:68,1
DA:69,1
DA:70,4
DA:75,0
DA:79,1
DA:80,1
DA:81,1
DA:83,1
DA:84,1
DA:86,2
DA:87,1
DA:90,1
DA:91,1
DA:92,1
DA:93,1
DA:94,1
DA:96,2
DA:97,0
DA:98,0
DA:100,0
DA:103,1
DA:104,1
DA:105,4
DA:110,0
DA:120,3
DA:121,1
DA:128,1
DA:130,3
DA:133,1
DA:134,1
DA:135,2
DA:137,3
DA:140,2
DA:142,3
DA:149,1
DA:150,1
DA:151,2
DA:152,2
DA:158,1
DA:159,1
DA:160,1
DA:161,1
DA:163,2
DA:164,1
DA:166,2
DA:167,0
DA:169,2
DA:170,5
DA:172,4
DA:173,2
DA:182,1
DA:183,1
DA:184,2
DA:185,2
DA:186,2
DA:188,1
DA:189,1
DA:190,3
DA:191,1
DA:193,1
DA:194,1
DA:195,1
DA:198,1
LF:102
LH:93
end_of_record
SF:lib/settings/settings_data.dart
DA:3,3
DA:4,1
DA:5,1
DA:8,3
LF:4
LH:4
end_of_record
